2019-08-31 11:09:13,994 - [test_login.py-->line:41] - INFO: 正在请求地址http://test.lemonban.com/futureloan/mvc/api/member/login
2019-08-31 11:09:14,139 - [test_login.py-->line:58] - DEBUG: 正常登录成功，该条用例执行通过
2019-08-31 11:09:14,140 - [test_login.py-->line:41] - INFO: 正在请求地址http://test.lemonban.com/futureloan/mvc/api/member/login
2019-08-31 11:09:14,264 - [test_login.py-->line:58] - DEBUG: 密码不正确，该条用例执行通过
2019-08-31 11:09:14,265 - [test_login.py-->line:41] - INFO: 正在请求地址http://test.lemonban.com/futureloan/mvc/api/member/login
2019-08-31 11:09:14,372 - [test_login.py-->line:58] - DEBUG: 账号不正确，该条用例执行通过
2019-08-31 11:09:55,218 - [test_login.py-->line:41] - INFO: 正在请求地址http://test.lemonban.com/futureloan/mvc/api/member/login
2019-08-31 11:09:55,348 - [test_login.py-->line:58] - DEBUG: 正常登录成功，该条用例执行通过
2019-08-31 11:09:55,349 - [test_login.py-->line:41] - INFO: 正在请求地址http://test.lemonban.com/futureloan/mvc/api/member/login
2019-08-31 11:09:55,473 - [test_login.py-->line:58] - DEBUG: 密码不正确，该条用例执行通过
2019-08-31 11:09:55,473 - [test_login.py-->line:41] - INFO: 正在请求地址http://test.lemonban.com/futureloan/mvc/api/member/login
2019-08-31 11:09:55,580 - [test_login.py-->line:58] - DEBUG: 账号不正确，该条用例执行通过
2019-08-31 11:11:57,574 - [run_test.py-->line:18] - INFO: -------在开启测试运行程序-----------
2019-08-31 11:11:59,305 - [test_login.py-->line:41] - INFO: 正在请求地址http://test.lemonban.com/futureloan/mvc/api/member/login
2019-08-31 11:11:59,431 - [test_login.py-->line:58] - DEBUG: 正常登录成功，该条用例执行通过
2019-08-31 11:11:59,432 - [test_login.py-->line:41] - INFO: 正在请求地址http://test.lemonban.com/futureloan/mvc/api/member/login
2019-08-31 11:11:59,543 - [test_login.py-->line:58] - DEBUG: 密码不正确，该条用例执行通过
2019-08-31 11:11:59,543 - [test_login.py-->line:41] - INFO: 正在请求地址http://test.lemonban.com/futureloan/mvc/api/member/login
2019-08-31 11:11:59,660 - [test_login.py-->line:58] - DEBUG: 账号不正确，该条用例执行通过
2019-08-31 11:13:16,258 - [run_test.py-->line:18] - INFO: -------在开启测试运行程序-----------
2019-08-31 11:13:19,277 - [test_login.py-->line:41] - INFO: 正在请求地址http://test.lemonban.com/futureloan/mvc/api/member/login
2019-08-31 11:13:19,404 - [test_login.py-->line:58] - DEBUG: 正常登录成功，该条用例执行通过
2019-08-31 11:13:19,405 - [test_login.py-->line:41] - INFO: 正在请求地址http://test.lemonban.com/futureloan/mvc/api/member/login
2019-08-31 11:13:19,499 - [test_login.py-->line:58] - DEBUG: 密码不正确，该条用例执行通过
2019-08-31 11:13:19,500 - [test_login.py-->line:41] - INFO: 正在请求地址http://test.lemonban.com/futureloan/mvc/api/member/login
2019-08-31 11:13:19,614 - [test_login.py-->line:58] - DEBUG: 账号不正确，该条用例执行通过
2019-08-31 11:13:19,628 - [run_test.py-->line:40] - INFO: ----------本次所有额用例执行完毕---------------------
